0 info it worked if it ends with ok
1 verbose cli [ 'c:\\Program Files\\nodejs\\node.exe',
1 verbose cli   'c:\\Program Files\\nodejs\\node_modules\\npm\\bin\\npm-cli.js',
1 verbose cli   'install',
1 verbose cli   'express' ]
2 info using npm@2.15.1
3 info using node@v4.4.3
4 verbose install initial load of d:\liupei\node\package.json
5 verbose readDependencies loading dependencies from d:\liupei\node\package.json
6 silly cache add args [ 'express', null ]
7 verbose cache add spec express
8 silly cache add parsed spec Result {
8 silly cache add   raw: 'express',
8 silly cache add   scope: null,
8 silly cache add   name: 'express',
8 silly cache add   rawSpec: '',
8 silly cache add   spec: 'latest',
8 silly cache add   type: 'tag' }
9 silly addNamed express@latest
10 verbose addNamed "latest" is being treated as a dist-tag for express
11 info addNameTag [ 'express', 'latest' ]
12 silly mapToRegistry name express
13 silly mapToRegistry using default registry
14 silly mapToRegistry registry https://registry.npmjs.org/
15 silly mapToRegistry data Result {
15 silly mapToRegistry   raw: 'express',
15 silly mapToRegistry   scope: null,
15 silly mapToRegistry   name: 'express',
15 silly mapToRegistry   rawSpec: '',
15 silly mapToRegistry   spec: 'latest',
15 silly mapToRegistry   type: 'tag' }
16 silly mapToRegistry uri https://registry.npmjs.org/express
17 verbose addNameTag registry:https://registry.npmjs.org/express not in flight; fetching
18 verbose request uri https://registry.npmjs.org/express
19 verbose request no auth needed
20 info attempt registry request try #1 at 17:29:13
21 verbose request id 521e83f48c7e4c6d
22 http request GET https://registry.npmjs.org/express
23 info retry will retry, error on last attempt: Error: unable to verify the first certificate
24 info attempt registry request try #2 at 17:29:23
25 http request GET https://registry.npmjs.org/express
26 info retry will retry, error on last attempt: Error: unable to verify the first certificate
27 info attempt registry request try #3 at 17:30:23
28 http request GET https://registry.npmjs.org/express
29 verbose stack Error: unable to verify the first certificate
29 verbose stack     at Error (native)
29 verbose stack     at TLSSocket.<anonymous> (_tls_wrap.js:1017:38)
29 verbose stack     at emitNone (events.js:67:13)
29 verbose stack     at TLSSocket.emit (events.js:166:7)
29 verbose stack     at TLSSocket._init.ssl.onclienthello.ssl.oncertcb.TLSSocket._finishInit (_tls_wrap.js:582:8)
29 verbose stack     at TLSWrap.ssl.onclienthello.ssl.oncertcb.ssl.onnewsession.ssl.onhandshakedone (_tls_wrap.js:424:38)
30 verbose cwd d:\liupei\node
31 error Windows_NT 6.1.7601
32 error argv "c:\\Program Files\\nodejs\\node.exe" "c:\\Program Files\\nodejs\\node_modules\\npm\\bin\\npm-cli.js" "install" "express"
33 error node v4.4.3
34 error npm  v2.15.1
35 error code UNABLE_TO_VERIFY_LEAF_SIGNATURE
36 error unable to verify the first certificate
37 error If you need help, you may report this error at:
37 error     <https://github.com/npm/npm/issues>
38 verbose exit [ 1, true ]
